Flow report for uart_parallel
Wed Dec 29 21:22:27 2021
Quartus Prime Version 18.1.0 Build 625 09/12/2018 SJ Lite Edition


---------------------
; Table of Contents ;
---------------------
  1. Legal Notice
  2. Flow Summary
  3. Flow Settings
  4. Flow Non-Default Global Settings
  5. Flow Elapsed Time
  6. Flow OS Summary
  7. Flow Log
  8. Flow Messages
  9. Flow Suppressed Messages



----------------
; Legal Notice ;
----------------
Copyright (C) 2018  Intel Corporation. All rights reserved.
Your use of Intel Corporation's design tools, logic functions 
and other software and tools, and its AMPP partner logic 
functions, and any output files from any of the foregoing 
(including device programming or simulation files), and any 
associated documentation or information are expressly subject 
to the terms and conditions of the Intel Program License 
Subscription Agreement, the Intel Quartus Prime License Agreement,
the Intel FPGA IP License Agreement, or other applicable license
agreement, including, without limitation, that your use is for
the sole purpose of programming logic devices manufactured by
Intel and sold by Intel or its authorized distributors.  Please
refer to the applicable agreement for further details.



+----------------------------------------------------------------------------------+
; Flow Summary                                                                     ;
+------------------------------------+---------------------------------------------+
; Flow Status                        ; Successful - Wed Dec 29 21:22:24 2021       ;
; Quartus Prime Version              ; 18.1.0 Build 625 09/12/2018 SJ Lite Edition ;
; Revision Name                      ; uart_parallel                               ;
; Top-level Entity Name              ; UART_PARALLEL                               ;
; Family                             ; Cyclone IV E                                ;
; Total logic elements               ; 200 / 6,272 ( 3 % )                         ;
;     Total combinational functions  ; 192 / 6,272 ( 3 % )                         ;
;     Dedicated logic registers      ; 117 / 6,272 ( 2 % )                         ;
; Total registers                    ; 117                                         ;
; Total pins                         ; 31 / 92 ( 34 % )                            ;
; Total virtual pins                 ; 0                                           ;
; Total memory bits                  ; 0 / 276,480 ( 0 % )                         ;
; Embedded Multiplier 9-bit elements ; 0 / 30 ( 0 % )                              ;
; Total PLLs                         ; 0 / 2 ( 0 % )                               ;
; Device                             ; EP4CE6E22C6                                 ;
; Timing Models                      ; Final                                       ;
+------------------------------------+---------------------------------------------+


+-----------------------------------------+
; Flow Settings                           ;
+-------------------+---------------------+
; Option            ; Setting             ;
+-------------------+---------------------+
; Start date & time ; 12/29/2021 21:22:04 ;
; Main task         ; Compilation         ;
; Revision Name     ; uart_parallel       ;
+-------------------+---------------------+


+---------------------------------------------------------------------------------------------------------------------------+
; Flow Non-Default Global Settings                                                                                          ;
+-------------------------------------+----------------------------------------+---------------+---------------+------------+
; Assignment Name                     ; Value                                  ; Default Value ; Entity Name   ; Section Id ;
+-------------------------------------+----------------------------------------+---------------+---------------+------------+
; COMPILER_SIGNATURE_ID               ; 5311875787179.164080032411532          ; --            ; --            ; --         ;
; PARTITION_COLOR                     ; -- (Not supported for targeted family) ; --            ; UART_PARALLEL ; Top        ;
; PARTITION_FITTER_PRESERVATION_LEVEL ; -- (Not supported for targeted family) ; --            ; UART_PARALLEL ; Top        ;
; PARTITION_NETLIST_TYPE              ; -- (Not supported for targeted family) ; --            ; UART_PARALLEL ; Top        ;
; PROJECT_OUTPUT_DIRECTORY            ; output_files                           ; --            ; --            ; --         ;
+-------------------------------------+----------------------------------------+---------------+---------------+------------+


+--------------------------------------------------------------------------------------------------------------------------+
; Flow Elapsed Time                                                                                                        ;
+----------------------+--------------+-------------------------+---------------------+------------------------------------+
; Module Name          ; Elapsed Time ; Average Processors Used ; Peak Virtual Memory ; Total CPU Time (on all processors) ;
+----------------------+--------------+-------------------------+---------------------+------------------------------------+
; Analysis & Synthesis ; 00:00:12     ; 1.0                     ; 4833 MB             ; 00:00:25                           ;
; Fitter               ; 00:00:06     ; 1.0                     ; 5624 MB             ; 00:00:08                           ;
; Assembler            ; 00:00:01     ; 1.0                     ; 4669 MB             ; 00:00:01                           ;
; Timing Analyzer      ; 00:00:02     ; 1.0                     ; 4785 MB             ; 00:00:02                           ;
; Total                ; 00:00:21     ; --                      ; --                  ; 00:00:36                           ;
+----------------------+--------------+-------------------------+---------------------+------------------------------------+


+------------------------------------------------------------------------------------+
; Flow OS Summary                                                                    ;
+----------------------+------------------+------------+------------+----------------+
; Module Name          ; Machine Hostname ; OS Name    ; OS Version ; Processor type ;
+----------------------+------------------+------------+------------+----------------+
; Analysis & Synthesis ; DESKTOP-5QTRI6M  ; Windows 10 ; 10.0       ; x86_64         ;
; Fitter               ; DESKTOP-5QTRI6M  ; Windows 10 ; 10.0       ; x86_64         ;
; Assembler            ; DESKTOP-5QTRI6M  ; Windows 10 ; 10.0       ; x86_64         ;
; Timing Analyzer      ; DESKTOP-5QTRI6M  ; Windows 10 ; 10.0       ; x86_64         ;
+----------------------+------------------+------------+------------+----------------+


------------
; Flow Log ;
------------
quartus_map --read_settings_files=on --write_settings_files=off uart_parallel -c uart_parallel
quartus_fit --read_settings_files=off --write_settings_files=off uart_parallel -c uart_parallel
quartus_asm --read_settings_files=off --write_settings_files=off uart_parallel -c uart_parallel
quartus_sta uart_parallel -c uart_parallel



